# JRE version: Java(TM) SE Runtime Environment (8.0_05-b13) (build 1.8.0_05-b13)
# Java VM: Java HotSpot(TM) 64-Bit Server VM (25.5-b02 mixed mode bsd-amd64 compressed oops)
Heap:
 PSYoungGen      total 15360K, used 4798K [0x00000007aab00000, 0x00000007abd00000, 0x00000007c0000000)
  eden space 12288K, 26% used [0x00000007aab00000,0x00000007aae3a620,0x00000007ab700000)
  from space 3072K, 48% used [0x00000007aba00000,0x00000007abb75428,0x00000007abd00000)
  to   space 3072K, 0% used [0x00000007ab700000,0x00000007ab700000,0x00000007aba00000)
 ParOldGen       total 64000K, used 7740K [0x0000000780000000, 0x0000000783e80000, 0x00000007aab00000)
  object space 64000K, 12% used [0x0000000780000000,0x000000078078f1a8,0x0000000783e80000)
 Metaspace       used 14756K, capacity 15004K, committed 15104K, reserved 1062912K
  class space    used 2153K, capacity 2228K, committed 2304K, reserved 1048576K
GC Heap History (10 events):
Event: 0.839 GC heap before
{Heap before GC invocations=6 (full 0):
 PSYoungGen      total 2560K, used 2528K [0x00000007aab00000, 0x00000007ab100000, 0x00000007c0000000)
  eden space 2048K, 100% used [0x00000007aab00000,0x00000007aad00000,0x00000007aad00000)
  from space 512K, 93% used [0x00000007aad00000,0x00000007aad78030,0x00000007aad80000)
  to   space 1024K, 0% used [0x00000007ab000000,0x00000007ab000000,0x00000007ab100000)
 ParOldGen       total 64000K, used 426K [0x0000000780000000, 0x0000000783e80000, 0x00000007aab00000)
  object space 64000K, 0% used [0x0000000780000000,0x000000078006abe0,0x0000000783e80000)
 Metaspace       used 5712K, capacity 6752K, committed 6912K, reserved 1056768K
  class space    used 680K, capacity 712K, committed 768K, reserved 1048576K
Event: 0.842 GC heap after
Heap after GC invocations=6 (full 0):
 PSYoungGen      total 5120K, used 1008K [0x00000007aab00000, 0x00000007ab100000, 0x00000007c0000000)
  eden space 4096K, 0% used [0x00000007aab00000,0x00000007aab00000,0x00000007aaf00000)
  from space 1024K, 98% used [0x00000007ab000000,0x00000007ab0fc030,0x00000007ab100000)
  to   space 1024K, 0% used [0x00000007aaf00000,0x00000007aaf00000,0x00000007ab000000)
 ParOldGen       total 64000K, used 521K [0x0000000780000000, 0x0000000783e80000, 0x00000007aab00000)
  object space 64000K, 0% used [0x0000000780000000,0x00000007800827c0,0x0000000783e80000)
 Metaspace       used 5712K, capacity 6752K, committed 6912K, reserved 1056768K
  class space    used 680K, capacity 712K, committed 768K, reserved 1048576K
}
Event: 2.608 GC heap before
{Heap before GC invocations=7 (full 0):
 PSYoungGen      total 5120K, used 5104K [0x00000007aab00000, 0x00000007ab100000, 0x00000007c0000000)
  eden space 4096K, 100% used [0x00000007aab00000,0x00000007aaf00000,0x00000007aaf00000)
  from space 1024K, 98% used [0x00000007ab000000,0x00000007ab0fc030,0x00000007ab100000)
  to   space 1024K, 0% used [0x00000007aaf00000,0x00000007aaf00000,0x00000007ab000000)
 ParOldGen       total 64000K, used 521K [0x0000000780000000, 0x0000000783e80000, 0x00000007aab00000)
  object space 64000K, 0% used [0x0000000780000000,0x00000007800827c0,0x0000000783e80000)
 Metaspace       used 8451K, capacity 8636K, committed 8832K, reserved 1056768K
  class space    used 1048K, capacity 1108K, committed 1152K, reserved 1048576K
Event: 2.613 GC heap after
Heap after GC invocations=7 (full 0):
 PSYoungGen      total 5120K, used 992K [0x00000007aab00000, 0x00000007ab700000, 0x00000007c0000000)
  eden space 4096K, 0% used [0x00000007aab00000,0x00000007aab00000,0x00000007aaf00000)
  from space 1024K, 96% used [0x00000007aaf00000,0x00000007aaff8010,0x00000007ab000000)
  to   space 2048K, 0% used [0x00000007ab500000,0x00000007ab500000,0x00000007ab700000)
 ParOldGen       total 64000K, used 1604K [0x0000000780000000, 0x0000000783e80000, 0x00000007aab00000)
  object space 64000K, 2% used [0x0000000780000000,0x0000000780191158,0x0000000783e80000)
 Metaspace       used 8451K, capacity 8636K, committed 8832K, reserved 1056768K
  class space    used 1048K, capacity 1108K, committed 1152K, reserved 1048576K
}
Event: 2.839 GC heap before
{Heap before GC invocations=8 (full 0):
 PSYoungGen      total 5120K, used 5088K [0x00000007aab00000, 0x00000007ab700000, 0x00000007c0000000)
  eden space 4096K, 100% used [0x00000007aab00000,0x00000007aaf00000,0x00000007aaf00000)
  from space 1024K, 96% used [0x00000007aaf00000,0x00000007aaff8010,0x00000007ab000000)
  to   space 2048K, 0% used [0x00000007ab500000,0x00000007ab500000,0x00000007ab700000)
 ParOldGen       total 64000K, used 1604K [0x0000000780000000, 0x0000000783e80000, 0x00000007aab00000)
  object space 64000K, 2% used [0x0000000780000000,0x0000000780191158,0x0000000783e80000)
 Metaspace       used 9636K, capacity 9756K, committed 9856K, reserved 1058816K
  class space    used 1279K, capacity 1332K, committed 1408K, reserved 1048576K
Event: 2.853 GC heap after
Heap after GC invocations=8 (full 0):
 PSYoungGen      total 9728K, used 1984K [0x00000007aab00000, 0x00000007ab800000, 0x00000007c0000000)
  eden space 7680K, 0% used [0x00000007aab00000,0x00000007aab00000,0x00000007ab280000)
  from space 2048K, 96% used [0x00000007ab500000,0x00000007ab6f0010,0x00000007ab700000)
  to   space 2560K, 0% used [0x00000007ab280000,0x00000007ab280000,0x00000007ab500000)
 ParOldGen       total 64000K, used 1740K [0x0000000780000000, 0x0000000783e80000, 0x00000007aab00000)
  object space 64000K, 2% used [0x0000000780000000,0x00000007801b3158,0x0000000783e80000)
 Metaspace       used 9636K, capacity 9756K, committed 9856K, reserved 1058816K
  class space    used 1279K, capacity 1332K, committed 1408K, reserved 1048576K
}
Event: 3.362 GC heap before
{Heap before GC invocations=9 (full 0):
 PSYoungGen      total 9728K, used 9664K [0x00000007aab00000, 0x00000007ab800000, 0x00000007c0000000)
  eden space 7680K, 100% used [0x00000007aab00000,0x00000007ab280000,0x00000007ab280000)
  from space 2048K, 96% used [0x00000007ab500000,0x00000007ab6f0010,0x00000007ab700000)
  to   space 2560K, 0% used [0x00000007ab280000,0x00000007ab280000,0x00000007ab500000)
 ParOldGen       total 64000K, used 1740K [0x0000000780000000, 0x0000000783e80000, 0x00000007aab00000)
  object space 64000K, 2% used [0x0000000780000000,0x00000007801b3158,0x0000000783e80000)
 Metaspace       used 12315K, capacity 12476K, committed 12672K, reserved 1060864K
  class space    used 1754K, capacity 1812K, committed 1920K, reserved 1048576K
Event: 3.367 GC heap after
Heap after GC invocations=9 (full 0):
 PSYoungGen      total 10240K, used 2544K [0x00000007aab00000, 0x00000007abd00000, 0x00000007c0000000)
  eden space 7680K, 0% used [0x00000007aab00000,0x00000007aab00000,0x00000007ab280000)
  from space 2560K, 99% used [0x00000007ab280000,0x00000007ab4fc010,0x00000007ab500000)
  to   space 3072K, 0% used [0x00000007aba00000,0x00000007aba00000,0x00000007abd00000)
 ParOldGen       total 64000K, used 1948K [0x0000000780000000, 0x0000000783e80000, 0x00000007aab00000)
  object space 64000K, 3% used [0x0000000780000000,0x00000007801e7168,0x0000000783e80000)
 Metaspace       used 12315K, capacity 12476K, committed 12672K, reserved 1060864K
  class space    used 1754K, capacity 1812K, committed 1920K, reserved 1048576K
}
Event: 4.445 GC heap before
{Heap before GC invocations=10 (full 0):
 PSYoungGen      total 10240K, used 10224K [0x00000007aab00000, 0x00000007abd00000, 0x00000007c0000000)
  eden space 7680K, 100% used [0x00000007aab00000,0x00000007ab280000,0x00000007ab280000)
  from space 2560K, 99% used [0x00000007ab280000,0x00000007ab4fc010,0x00000007ab500000)
  to   space 3072K, 0% used [0x00000007aba00000,0x00000007aba00000,0x00000007abd00000)
 ParOldGen       total 64000K, used 1948K [0x0000000780000000, 0x0000000783e80000, 0x00000007aab00000)
  object space 64000K, 3% used [0x0000000780000000,0x00000007801e7168,0x0000000783e80000)
 Metaspace       used 14215K, capacity 14364K, committed 14464K, reserved 1060864K
  class space    used 2113K, capacity 2164K, committed 2176K, reserved 1048576K
Event: 4.466 GC heap after
Heap after GC invocations=10 (full 0):
 PSYoungGen      total 15360K, used 1493K [0x00000007aab00000, 0x00000007abd00000, 0x00000007c0000000)
  eden space 12288K, 0% used [0x00000007aab00000,0x00000007aab00000,0x00000007ab700000)
  from space 3072K, 48% used [0x00000007aba00000,0x00000007abb75428,0x00000007abd00000)
  to   space 3072K, 0% used [0x00000007ab700000,0x00000007ab700000,0x00000007aba00000)
 ParOldGen       total 64000K, used 7740K [0x0000000780000000, 0x0000000783e80000, 0x00000007aab00000)
  object space 64000K, 12% used [0x0000000780000000,0x000000078078f1a8,0x0000000783e80000)
 Metaspace       used 14215K, capacity 14364K, committed 14464K, reserved 1060864K
  class space    used 2113K, capacity 2164K, committed 2176K, reserved 1048576K
}

